http://jandan.net/2019/09/16/picturing-history.html
http://jandan.net/2019/09/16/teens-memory.html
http://jandan.net/2019/09/16/were-made-glass.html
http://jandan.net/2019/09/16/universal-code.html
http://jandan.net/2019/09/16/stop-thinking-2.html
http://jandan.net/2019/09/16/hyper-masculine.html
http://jandan.net/2019/09/16/fascination-with-drug.html
http://jandan.net/2019/09/16/facebook-might-know.html
http://jandan.net/2019/09/16/paid-to-drink.html
http://jandan.net/2019/09/15/solved-for-42.html
http://jandan.net/2019/09/15/space-facts-2.html
http://jandan.net/2019/09/15/making-decisions-2.html
http://jandan.net/2019/09/15/drop-holy-water.html
http://jandan.net/2019/09/15/puzzling-size.html
http://jandan.net/2019/09/15/animals-jealous.html
http://jandan.net/2019/09/15/mysterious-illness.html
http://jandan.net/2019/09/15/speed-fighting.html
http://jandan.net/2019/09/15/plastic-free.html
http://jandan.net/2019/09/14/1b-bitcoin.html
http://jandan.net/2019/09/14/favorite-child.html
http://jandan.net/2019/09/14/teens-dating.html
http://jandan.net/2019/09/14/%e7%99%8c%e7%97%87%e5%b7%b2%e7%bb%8f%e5%8f%96%e4%bb%a3%e5%bf%83%e8%84%8f%e7%97%85%e6%88%90%e4%b8%ba%e5%af%8c%e8%a3%95%e5%9b%bd%e5%ae%b6%e7%9a%84%e5%a4%b4%e5%8f%b7%e6%ad%bb%e5%9b%a0.html
http://jandan.net/2019/09/14/moldy-bread-2.html
http://jandan.net/2019/09/14/dark-energy.html
